<?xml version="1.0" encoding="UTF-8"?>
<!-- Generated by org.testng.reporters.JUnitReportReporter -->
<testsuite skipped="0" hostname="happy-PC" name="com.rex.hinai_auto.homepage.TC003_Admission" tests="1" failures="0" timestamp="12 Sep 2019 06:51:04 GMT" time="50.381" errors="0">
  <testcase name="patAdmission" time="50.381" classname="com.rex.hinai_auto.homepage.TC003_Admission"/>
</testsuite> <!-- com.rex.hinai_auto.homepage.TC003_Admission -->
