<?xml version="1.0" encoding="UTF-8"?>
<!-- Generated by org.testng.reporters.JUnitReportReporter -->
<testsuite skipped="0" hostname="happy-PC" name="com.rex.hinai_auto.homepage.TC001_NewRegistration" tests="1" failures="0" timestamp="11 Sep 2019 02:13:26 GMT" time="52.180" errors="0">
  <testcase name="verifyLogin" time="52.180" classname="com.rex.hinai_auto.homepage.TC001_NewRegistration"/>
</testsuite> <!-- com.rex.hinai_auto.homepage.TC001_NewRegistration -->
